{"level":"info","message":"\u001b[32m✓ \u001b[39mServer is running on port 5000","timestamp":"2025-12-16 02:31:23"}
{"level":"info","message":"Environment: development","timestamp":"2025-12-16 02:31:23"}
{"level":"info","message":"CORS enabled for: *","timestamp":"2025-12-16 02:31:23"}
{"level":"info","message":"\u001b[32m✓ \u001b[39mServer is running on port 5000","timestamp":"2025-12-16 02:38:14"}
{"level":"info","message":"Environment: development","timestamp":"2025-12-16 02:38:14"}
{"level":"info","message":"CORS enabled for: *","timestamp":"2025-12-16 02:38:14"}
{"level":"info","message":"\u001b[32m✓ \u001b[39mServer is running on port 5000","timestamp":"2025-12-16 02:39:01"}
{"level":"info","message":"Environment: development","timestamp":"2025-12-16 02:39:01"}
{"level":"info","message":"CORS enabled for: *","timestamp":"2025-12-16 02:39:01"}
{"level":"info","message":"\u001b[32m✓ \u001b[39mServer is running on port 5000","timestamp":"2025-12-16 02:39:11"}
{"level":"info","message":"Environment: development","timestamp":"2025-12-16 02:39:11"}
{"level":"info","message":"CORS enabled for: *","timestamp":"2025-12-16 02:39:11"}
{"level":"info","message":"\u001b[32m✓ \u001b[39mServer is running on port 5000","timestamp":"2025-12-16 02:39:22"}
{"level":"info","message":"Environment: development","timestamp":"2025-12-16 02:39:22"}
{"level":"info","message":"CORS enabled for: *","timestamp":"2025-12-16 02:39:22"}
{"level":"info","message":"\u001b[32m✓ \u001b[39mServer is running on port 5000","timestamp":"2025-12-16 02:39:30"}
{"level":"info","message":"Environment: development","timestamp":"2025-12-16 02:39:30"}
{"level":"info","message":"CORS enabled for: *","timestamp":"2025-12-16 02:39:30"}
{"level":"info","message":"\u001b[32m✓ \u001b[39mServer is running on port 5000","timestamp":"2025-12-16 02:42:38"}
{"level":"info","message":"Environment: development","timestamp":"2025-12-16 02:42:38"}
{"level":"info","message":"CORS enabled for: *","timestamp":"2025-12-16 02:42:38"}
{"level":"info","message":"\u001b[32m✓ \u001b[39mServer is running on port 5000","timestamp":"2025-12-16 02:47:13"}
{"level":"info","message":"Environment: development","timestamp":"2025-12-16 02:47:13"}
{"level":"info","message":"CORS enabled for: *","timestamp":"2025-12-16 02:47:13"}
{"level":"info","message":"\u001b[32m✓ \u001b[39mServer is running on port 5000","timestamp":"2025-12-16 02:47:36"}
{"level":"info","message":"Environment: development","timestamp":"2025-12-16 02:47:36"}
{"level":"info","message":"CORS enabled for: *","timestamp":"2025-12-16 02:47:36"}
{"level":"info","message":"\u001b[32m✓ \u001b[39mServer is running on port 5000","timestamp":"2025-12-16 02:47:53"}
{"level":"info","message":"Environment: development","timestamp":"2025-12-16 02:47:53"}
{"level":"info","message":"CORS enabled for: *","timestamp":"2025-12-16 02:47:53"}
{"level":"info","message":"\u001b[32m✓ \u001b[39mServer is running on port 5000","timestamp":"2025-12-16 02:50:08"}
{"level":"info","message":"Environment: development","timestamp":"2025-12-16 02:50:08"}
{"level":"info","message":"CORS enabled for: *","timestamp":"2025-12-16 02:50:08"}
{"level":"info","message":"\u001b[32m✓ \u001b[39mServer is running on port 5000","timestamp":"2025-12-16 02:50:36"}
{"level":"info","message":"Environment: development","timestamp":"2025-12-16 02:50:36"}
{"level":"info","message":"CORS enabled for: *","timestamp":"2025-12-16 02:50:36"}
{"level":"info","message":"\u001b[32m✓ \u001b[39mServer is running on port 5000","timestamp":"2025-12-16 02:51:23"}
{"level":"info","message":"Environment: development","timestamp":"2025-12-16 02:51:23"}
{"level":"info","message":"CORS enabled for: *","timestamp":"2025-12-16 02:51:23"}
{"level":"info","message":"\u001b[32m✓ \u001b[39mServer is running on port 5000","timestamp":"2025-12-16 02:52:09"}
{"level":"info","message":"Environment: development","timestamp":"2025-12-16 02:52:09"}
{"level":"info","message":"CORS enabled for: *","timestamp":"2025-12-16 02:52:09"}
{"level":"info","message":"\u001b[32m✓ \u001b[39mServer is running on port 5000","timestamp":"2025-12-16 02:52:44"}
{"level":"info","message":"Environment: development","timestamp":"2025-12-16 02:52:44"}
{"level":"info","message":"CORS enabled for: *","timestamp":"2025-12-16 02:52:44"}
{"level":"info","message":"\u001b[32m✓ \u001b[39mServer is running on port 5000","timestamp":"2025-12-16 02:53:49"}
{"level":"info","message":"Environment: development","timestamp":"2025-12-16 02:53:49"}
{"level":"info","message":"CORS enabled for: *","timestamp":"2025-12-16 02:53:49"}
{"level":"info","message":"\u001b[32m✓ \u001b[39mServer is running on port 5000","timestamp":"2025-12-16 02:54:48"}
{"level":"info","message":"Environment: development","timestamp":"2025-12-16 02:54:48"}
{"level":"info","message":"CORS enabled for: *","timestamp":"2025-12-16 02:54:48"}
{"level":"info","message":"\u001b[32m✓ \u001b[39mServer is running on port 6666","timestamp":"2025-12-16 02:56:53"}
{"level":"info","message":"Environment: development","timestamp":"2025-12-16 02:56:53"}
{"level":"info","message":"CORS enabled for: *","timestamp":"2025-12-16 02:56:53"}
{"level":"info","message":"\u001b[32m✓ \u001b[39mServer is running on port 6666","timestamp":"2025-12-16 02:58:03"}
{"level":"info","message":"Environment: development","timestamp":"2025-12-16 02:58:03"}
{"level":"info","message":"CORS enabled for: *","timestamp":"2025-12-16 02:58:03"}
{"ip":"::1","level":"info","message":"\u001b[36mGET\u001b[39m \u001b[37m/health\u001b[39m","query":{},"timestamp":"2025-12-16 02:58:10"}
{"level":"info","message":"\u001b[32m✓ \u001b[39mServer is running on port 6666","timestamp":"2025-12-16 02:58:50"}
{"level":"info","message":"Environment: development","timestamp":"2025-12-16 02:58:50"}
{"level":"info","message":"CORS enabled for: *","timestamp":"2025-12-16 02:58:50"}
{"ip":"::1","level":"info","message":"\u001b[36mGET\u001b[39m \u001b[37m/health\u001b[39m","query":{},"timestamp":"2025-12-16 02:58:56"}
{"level":"info","message":"\u001b[32m✓ \u001b[39mServer is running on port 6666","timestamp":"2025-12-16 03:00:52"}
{"level":"info","message":"Environment: development","timestamp":"2025-12-16 03:00:52"}
{"level":"info","message":"CORS enabled for: *","timestamp":"2025-12-16 03:00:52"}
{"ip":"::1","level":"info","message":"\u001b[36mGET\u001b[39m \u001b[37m/users\u001b[39m","query":{},"timestamp":"2025-12-16 03:01:01"}
{"level":"warn","message":"404 - Route not found: GET /users","timestamp":"2025-12-16 03:01:01"}
{"ip":"::1","level":"info","message":"\u001b[36mGET\u001b[39m \u001b[37m/api/users\u001b[39m","query":{},"timestamp":"2025-12-16 03:01:16"}
{"level":"info","message":"\u001b[32m✓ \u001b[39mRetrieved 1 users","timestamp":"2025-12-16 03:01:16"}
{"level":"info","message":"\u001b[32m✓ \u001b[39mServer is running on port 6666","timestamp":"2025-12-18 04:23:05"}
{"level":"info","message":"Environment: development","timestamp":"2025-12-18 04:23:05"}
{"level":"info","message":"CORS enabled for: *","timestamp":"2025-12-18 04:23:05"}
{"ip":"::1","level":"info","message":"\u001b[36mGET\u001b[39m \u001b[37m/api/users\u001b[39m","query":{},"timestamp":"2025-12-18 04:23:19"}
{"level":"info","message":"\u001b[32m✓ \u001b[39mServer is running on port 6666","timestamp":"2025-12-18 04:23:25"}
{"level":"info","message":"Environment: development","timestamp":"2025-12-18 04:23:25"}
{"level":"info","message":"CORS enabled for: *","timestamp":"2025-12-18 04:23:25"}
{"ip":"::1","level":"info","message":"\u001b[36mGET\u001b[39m \u001b[37m/api/users\u001b[39m","query":{},"timestamp":"2025-12-18 04:23:25"}
{"level":"info","message":"\u001b[32m✓ \u001b[39mRetrieved 1 users","timestamp":"2025-12-18 04:23:26"}
{"level":"info","message":"\u001b[32m✓ \u001b[39mServer is running on port 6666","timestamp":"2025-12-18 04:23:30"}
{"level":"info","message":"Environment: development","timestamp":"2025-12-18 04:23:30"}
{"level":"info","message":"CORS enabled for: *","timestamp":"2025-12-18 04:23:30"}
{"ip":"::1","level":"info","message":"\u001b[36mGET\u001b[39m \u001b[37m/api/users\u001b[39m","query":{},"timestamp":"2025-12-18 04:23:32"}
{"level":"info","message":"\u001b[32m✓ \u001b[39mServer is running on port 6666","timestamp":"2025-12-18 04:23:35"}
{"level":"info","message":"Environment: development","timestamp":"2025-12-18 04:23:35"}
{"level":"info","message":"CORS enabled for: *","timestamp":"2025-12-18 04:23:35"}
{"ip":"::1","level":"info","message":"\u001b[36mGET\u001b[39m \u001b[37m/api/users\u001b[39m","query":{},"timestamp":"2025-12-18 04:23:35"}
{"level":"info","message":"\u001b[32m✓ \u001b[39mServer is running on port 6666","timestamp":"2025-12-18 04:23:38"}
{"level":"info","message":"Environment: development","timestamp":"2025-12-18 04:23:38"}
{"level":"info","message":"CORS enabled for: *","timestamp":"2025-12-18 04:23:38"}
{"level":"info","message":"\u001b[32m✓ \u001b[39mServer is running on port 6666","timestamp":"2025-12-19 03:36:36"}
{"level":"info","message":"Environment: development","timestamp":"2025-12-19 03:36:36"}
{"level":"info","message":"CORS enabled for: *","timestamp":"2025-12-19 03:36:36"}
{"ip":"::1","level":"info","message":"\u001b[36mGET\u001b[39m \u001b[37m/users\u001b[39m","query":{},"timestamp":"2025-12-19 03:37:23"}
{"ip":"::1","level":"info","message":"\u001b[36mPOST\u001b[39m \u001b[37m/login\u001b[39m","query":{},"timestamp":"2025-12-19 03:37:36"}
{"error":"Cannot destructure property 'email' of 'req.body' as it is undefined.","level":"error","message":"Unhandled error","path":"/login","stack":"TypeError: Cannot destructure property 'email' of 'req.body' as it is undefined.\n    at login (/Users/virajraiyani/Documents/backend/src/controllers/auth.controller.ts:12:11)\n    at Layer.handleRequest (/Users/virajraiyani/Documents/backend/node_modules/router/lib/layer.js:152:17)\n    at next (/Users/virajraiyani/Documents/backend/node_modules/router/lib/route.js:157:13)\n    at Route.dispatch (/Users/virajraiyani/Documents/backend/node_modules/router/lib/route.js:117:3)\n    at handle (/Users/virajraiyani/Documents/backend/node_modules/router/index.js:435:11)\n    at Layer.handleRequest (/Users/virajraiyani/Documents/backend/node_modules/router/lib/layer.js:152:17)\n    at /Users/virajraiyani/Documents/backend/node_modules/router/index.js:295:15\n    at processParams (/Users/virajraiyani/Documents/backend/node_modules/router/index.js:582:12)\n    at next (/Users/virajraiyani/Documents/backend/node_modules/router/index.js:291:5)\n    at Function.handle (/Users/virajraiyani/Documents/backend/node_modules/router/index.js:186:3)","timestamp":"2025-12-19 03:37:36"}
{"ip":"::1","level":"info","message":"\u001b[36mPOST\u001b[39m \u001b[37m/login\u001b[39m","query":{},"timestamp":"2025-12-19 03:38:18"}
{"error":"Cannot destructure property 'email' of 'req.body' as it is undefined.","level":"error","message":"Unhandled error","path":"/login","stack":"TypeError: Cannot destructure property 'email' of 'req.body' as it is undefined.\n    at login (/Users/virajraiyani/Documents/backend/src/controllers/auth.controller.ts:12:11)\n    at Layer.handleRequest (/Users/virajraiyani/Documents/backend/node_modules/router/lib/layer.js:152:17)\n    at next (/Users/virajraiyani/Documents/backend/node_modules/router/lib/route.js:157:13)\n    at Route.dispatch (/Users/virajraiyani/Documents/backend/node_modules/router/lib/route.js:117:3)\n    at handle (/Users/virajraiyani/Documents/backend/node_modules/router/index.js:435:11)\n    at Layer.handleRequest (/Users/virajraiyani/Documents/backend/node_modules/router/lib/layer.js:152:17)\n    at /Users/virajraiyani/Documents/backend/node_modules/router/index.js:295:15\n    at processParams (/Users/virajraiyani/Documents/backend/node_modules/router/index.js:582:12)\n    at next (/Users/virajraiyani/Documents/backend/node_modules/router/index.js:291:5)\n    at Function.handle (/Users/virajraiyani/Documents/backend/node_modules/router/index.js:186:3)","timestamp":"2025-12-19 03:38:18"}
{"level":"info","message":"\u001b[32m✓ \u001b[39mServer is running on port 6666","timestamp":"2025-12-19 03:38:59"}
{"level":"info","message":"Environment: development","timestamp":"2025-12-19 03:38:59"}
{"level":"info","message":"CORS enabled for: *","timestamp":"2025-12-19 03:38:59"}
{"ip":"::1","level":"info","message":"\u001b[36mGET\u001b[39m \u001b[37m/login\u001b[39m","query":{},"timestamp":"2025-12-19 03:41:34"}
{"level":"warn","message":"404 - Route not found: GET /login","timestamp":"2025-12-19 03:41:34"}
{"ip":"::1","level":"info","message":"\u001b[36mGET\u001b[39m \u001b[37m/login\u001b[39m","query":{},"timestamp":"2025-12-19 03:41:38"}
{"level":"warn","message":"404 - Route not found: GET /login","timestamp":"2025-12-19 03:41:38"}
{"ip":"::1","level":"info","message":"\u001b[36mGET\u001b[39m \u001b[37m/login\u001b[39m","query":{},"timestamp":"2025-12-19 03:41:55"}
{"level":"warn","message":"404 - Route not found: GET /login","timestamp":"2025-12-19 03:41:55"}
{"ip":"::1","level":"info","message":"\u001b[36mGET\u001b[39m \u001b[37m//login\u001b[39m","query":{},"timestamp":"2025-12-19 03:42:04"}
{"level":"warn","message":"404 - Route not found: GET //login","timestamp":"2025-12-19 03:42:04"}
{"ip":"::1","level":"info","message":"\u001b[36mGET\u001b[39m \u001b[37m/login\u001b[39m","query":{},"timestamp":"2025-12-19 03:44:37"}
{"level":"warn","message":"404 - Route not found: GET /login","timestamp":"2025-12-19 03:44:37"}
{"level":"info","message":"\u001b[32m✓ \u001b[39mServer is running on port 6666","timestamp":"2025-12-19 03:45:13"}
{"level":"info","message":"Environment: development","timestamp":"2025-12-19 03:45:13"}
{"level":"info","message":"CORS enabled for: http://localhost:5173","timestamp":"2025-12-19 03:45:13"}
{"ip":"::1","level":"info","message":"\u001b[36mGET\u001b[39m \u001b[37m/login\u001b[39m","query":{},"timestamp":"2025-12-19 03:45:16"}
{"level":"warn","message":"404 - Route not found: GET /login","timestamp":"2025-12-19 03:45:16"}
{"ip":"::1","level":"info","message":"\u001b[36mPOST\u001b[39m \u001b[37m/login\u001b[39m","query":{},"timestamp":"2025-12-19 03:45:45"}
{"error":"Cannot destructure property 'email' of 'req.body' as it is undefined.","level":"error","message":"Unhandled error","path":"/login","stack":"TypeError: Cannot destructure property 'email' of 'req.body' as it is undefined.\n    at login (/Users/virajraiyani/Documents/backend/src/controllers/auth.controller.ts:12:11)\n    at Layer.handleRequest (/Users/virajraiyani/Documents/backend/node_modules/router/lib/layer.js:152:17)\n    at next (/Users/virajraiyani/Documents/backend/node_modules/router/lib/route.js:157:13)\n    at Route.dispatch (/Users/virajraiyani/Documents/backend/node_modules/router/lib/route.js:117:3)\n    at handle (/Users/virajraiyani/Documents/backend/node_modules/router/index.js:435:11)\n    at Layer.handleRequest (/Users/virajraiyani/Documents/backend/node_modules/router/lib/layer.js:152:17)\n    at /Users/virajraiyani/Documents/backend/node_modules/router/index.js:295:15\n    at processParams (/Users/virajraiyani/Documents/backend/node_modules/router/index.js:582:12)\n    at next (/Users/virajraiyani/Documents/backend/node_modules/router/index.js:291:5)\n    at Function.handle (/Users/virajraiyani/Documents/backend/node_modules/router/index.js:186:3)","timestamp":"2025-12-19 03:45:45"}
{"ip":"::1","level":"info","message":"\u001b[36mPOST\u001b[39m \u001b[37m/login\u001b[39m","query":{},"timestamp":"2025-12-19 03:46:00"}
{"ip":"::1","level":"info","message":"\u001b[36mGET\u001b[39m \u001b[37m/login\u001b[39m","query":{},"timestamp":"2025-12-19 03:46:57"}
{"level":"warn","message":"404 - Route not found: GET /login","timestamp":"2025-12-19 03:46:57"}
{"level":"info","message":"\u001b[32m✓ \u001b[39mServer is running on port 6666","timestamp":"2025-12-19 03:49:24"}
{"level":"info","message":"Environment: development","timestamp":"2025-12-19 03:49:24"}
{"level":"info","message":"CORS enabled for: http://localhost:5173/","timestamp":"2025-12-19 03:49:24"}
{"level":"info","message":"\u001b[32m✓ \u001b[39mServer is running on port 3000","timestamp":"2025-12-19 03:52:10"}
{"level":"info","message":"Environment: development","timestamp":"2025-12-19 03:52:10"}
{"level":"info","message":"CORS enabled for: http://localhost:5173","timestamp":"2025-12-19 03:52:10"}
{"ip":"::1","level":"info","message":"\u001b[36mPOST\u001b[39m \u001b[37m/login\u001b[39m","query":{},"timestamp":"2025-12-19 03:52:13"}
{"ip":"::1","level":"info","message":"\u001b[36mPOST\u001b[39m \u001b[37m/login\u001b[39m","query":{},"timestamp":"2025-12-19 03:57:26"}
{"ip":"::1","level":"info","message":"\u001b[36mPOST\u001b[39m \u001b[37m/login\u001b[39m","query":{},"timestamp":"2025-12-19 04:03:07"}
{"error":"Illegal arguments: string, undefined","level":"error","message":"Unhandled error","path":"/login","stack":"Error: Illegal arguments: string, undefined\n    at _async (file:///Users/virajraiyani/Documents/backend/node_modules/bcryptjs/index.js:252:11)\n    at file:///Users/virajraiyani/Documents/backend/node_modules/bcryptjs/index.js:280:7\n    at new Promise (<anonymous>)\n    at Object.compare (file:///Users/virajraiyani/Documents/backend/node_modules/bcryptjs/index.js:279:12)\n    at verifyPassword (/Users/virajraiyani/Documents/backend/src/services/auth.service.ts:21:17)\n    at login (/Users/virajraiyani/Documents/backend/src/controllers/auth.controller.ts:20:25)\n    at process.processTicksAndRejections (node:internal/process/task_queues:105:5)","timestamp":"2025-12-19 04:03:07"}
{"level":"info","message":"\u001b[32m✓ \u001b[39mServer is running on port 3000","timestamp":"2025-12-19 04:15:59"}
{"level":"info","message":"Environment: development","timestamp":"2025-12-19 04:15:59"}
{"level":"info","message":"CORS enabled for: http://localhost:5173","timestamp":"2025-12-19 04:15:59"}
{"ip":"::1","level":"info","message":"\u001b[36mPOST\u001b[39m \u001b[37m/login\u001b[39m","query":{},"timestamp":"2025-12-19 04:16:45"}
{"level":"info","message":"\u001b[32m✓ \u001b[39mServer is running on port 3000","timestamp":"2025-12-20 01:09:59"}
{"level":"info","message":"Environment: development","timestamp":"2025-12-20 01:09:59"}
{"level":"info","message":"CORS enabled for: http://localhost:5173","timestamp":"2025-12-20 01:09:59"}
{"level":"info","message":"\u001b[32m✓ \u001b[39mServer is running on port 3000","timestamp":"2025-12-20 01:10:57"}
{"level":"info","message":"Environment: development","timestamp":"2025-12-20 01:10:57"}
{"level":"info","message":"CORS enabled for: *","timestamp":"2025-12-20 01:10:57"}
{"ip":"::1","level":"info","message":"\u001b[36mGET\u001b[39m \u001b[37m/validate\u001b[39m","query":{},"timestamp":"2025-12-20 01:11:13"}
{"level":"info","message":"\u001b[32m✓ \u001b[39mServer is running on port 3000","timestamp":"2025-12-20 01:12:22"}
{"level":"info","message":"Environment: development","timestamp":"2025-12-20 01:12:22"}
{"level":"info","message":"CORS enabled for: *","timestamp":"2025-12-20 01:12:22"}
{"level":"info","message":"\u001b[32m✓ \u001b[39mServer is running on port 3000","timestamp":"2025-12-20 02:10:59"}
{"level":"info","message":"Environment: development","timestamp":"2025-12-20 02:10:59"}
{"level":"info","message":"CORS enabled for: *","timestamp":"2025-12-20 02:10:59"}
{"ip":"::1","level":"info","message":"\u001b[36mGET\u001b[39m \u001b[37m/validate-me\u001b[39m","query":{},"timestamp":"2025-12-20 02:45:55"}
{"ip":"::1","level":"info","message":"\u001b[36mGET\u001b[39m \u001b[37m/validate-me\u001b[39m","query":{},"timestamp":"2025-12-20 02:46:40"}
{"ip":"::1","level":"info","message":"\u001b[36mGET\u001b[39m \u001b[37m/validate-me\u001b[39m","query":{},"timestamp":"2025-12-20 02:46:52"}
{"ip":"::1","level":"info","message":"\u001b[36mGET\u001b[39m \u001b[37m/validate-me\u001b[39m","query":{},"timestamp":"2025-12-20 02:47:31"}
{"ip":"::1","level":"info","message":"\u001b[36mGET\u001b[39m \u001b[37m/validate-me\u001b[39m","query":{},"timestamp":"2025-12-20 02:47:32"}
{"ip":"::1","level":"info","message":"\u001b[36mGET\u001b[39m \u001b[37m/validate-me\u001b[39m","query":{},"timestamp":"2025-12-20 02:47:40"}
{"level":"info","message":"\u001b[32m✓ \u001b[39mServer is running on port 3000","timestamp":"2025-12-20 03:04:20"}
{"level":"info","message":"Environment: development","timestamp":"2025-12-20 03:04:20"}
{"level":"info","message":"CORS enabled for: http://localhost:5173","timestamp":"2025-12-20 03:04:20"}
{"ip":"::1","level":"info","message":"\u001b[36mPOST\u001b[39m \u001b[37m/login\u001b[39m","query":{},"timestamp":"2025-12-20 03:04:24"}
{"ip":"::1","level":"info","message":"\u001b[36mGET\u001b[39m \u001b[37m/validate-me\u001b[39m","query":{},"timestamp":"2025-12-20 03:04:25"}
{"ip":"::1","level":"info","message":"\u001b[36mPOST\u001b[39m \u001b[37m/login\u001b[39m","query":{},"timestamp":"2025-12-20 03:06:21"}
{"ip":"::1","level":"info","message":"\u001b[36mGET\u001b[39m \u001b[37m/validate-me\u001b[39m","query":{},"timestamp":"2025-12-20 03:06:21"}
